FSUIPC7 Installer v0.9.4 for v7.0.1
Running in folder 'C:\Users\zipol\Downloads\Install_FSUIPC7\Install_FSUIPC7'
Determining installation details...
Installation folder location: C:\FSUIPC7
Documents folder location: C:\Users\zipol\Documents\FSUIPC7
OriginalInstallDir=, FSUIPCInstalled=0, InstallDocumentsLocation=C:\Users\zipol\Documents\FSUIPC7
Default installation directory is 'C:\FSUIPC7'
Output folder: X:\programmer\FSUICP
Installing FSUIPC7.exe in X:\programmer\FSUICP.
Extract: FSUIPC7.exe... 100%
FSUIPC7.exe installation completed.
Installing User Manuals...
Create folder: C:\Users\zipol\Documents\FSUIPC7
Documents directory created: C:\Users\zipol\Documents\FSUIPC7
Output folder: C:\Users\zipol\Documents\FSUIPC7
Extract: Installing and Registering FSUIPC7.pdf... 100%
Extract: FSUIPC7 for Advanced Users.pdf... 100%
Extract: FSUIPC7 History.pdf... 100%
Extract: FSUIPC7 Offsets Status.pdf... 100%
Extract: FSUIPC7 User Guide.pdf... 100%
Extract: Profiles in Separate Files.pdf... 100%
Output folder: C:\Users\zipol\Downloads\Install_FSUIPC7\Install_FSUIPC7
FSUIPC7 User Manuals installed in C:\Users\zipol\Documents\FSUIPC7.
Installing Lua Documentation...
Output folder: C:\Users\zipol\Documents\FSUIPC7
Extract: FSUIPC Lua Library.pdf... 100%
Extract: FSUIPC Lua Plug-Ins.pdf... 100%
Extract: Lua License.pdf... 100%
Extract: Lua Plugins for VRInsight Devices.pdf... 100%
Extract: LuaFileSystem.pdf... 100%
Extract: Example LUA plugins.zip... 100%
Output folder: C:\Users\zipol\Downloads\Install_FSUIPC7\Install_FSUIPC7
FSUIPC7 Lua Documents installed in C:\Users\zipol\Documents\FSUIPC7.
Installing SDK...
Create folder: X:\programmer\FSUICP\SDK
SDK folder created: X:\programmer\FSUICP\SDK
Output folder: X:\programmer\FSUICP\SDK
Extract: FSUIPC feedback control.txt... 100%
Extract: FSUIPC for Programmers.pdf... 100%
Extract: FSUIPC_User_Lib_for_VC_2010.zip
Extract: FSUIPCDotNetClient2.4.zip... 100%
Extract: Library for FS Internal Users.zip... 100%
Extract: Module_User_lib_for_VC_2010.zip... 100%
Extract: ModuleUser64.zip... 100%
Extract: New Weather Interface for FS2004.zip... 100%
Extract: NewWeather.h... 100%
Extract: ReadMe.txt... 100%
Extract: UIPC_RealBasic_SDK.zip... 100%
Extract: UIPC_SDK_ASM.zip... 100%
Extract: UIPC_SDK_BCB5.zip... 100%
Extract: UIPC_SDK_C.zip... 100%
Extract: UIPC_SDK_.NET_(C#,VB.NET).txt... 100%
Extract: UIPC_SDK_Delphi.zip... 100%
Extract: UIPC_SDK_JAVA.zip... 100%
Extract: UIPC_SDK_JAVA_64bit.zip... 100%
Extract: UIPC_SDK_MFC.zip... 100%
Extract: UIPC_SDK_Python.zip... 100%
Extract: UIPC_SDK_VisualBasic.zip... 100%
Extract: UIPC64_SDK_C_version2.zip... 100%
Extract: UIPCAWI.zip... 100%
Extract: FSUIPC_Java_SDK_by_Mouseviator_v1_with_C_libs.7z
Installation of SDK completed.
Installing HidScanner...
Create folder: X:\programmer\FSUICP\Utils
Utilities folder created: X:\programmer\FSUICP\Utils
Output folder: X:\programmer\FSUICP\Utils
Extract: HidScanner.exe... 100%
HidScanner installed in X:\programmer\FSUICP\Utils
Installing FS-Interrogate 2...
Output folder: X:\programmer\FSUICP\Utils
Extract: FSInterrogate2std.exe... 100%
Extract: FSUIPC.FSI... 100%
FS-Interrogate 2 installed in X:\programmer\FSUICP\Utils
Output folder: C:\Users\zipol\Documents\FSUIPC7
Extract: FSI2 Manual.pdf... 100%
FS-Interrogate 2 User'Manual installed in C:\Users\zipol\Documents\FSUIPC7
Installation of FS-Interrogate 2 completed.
Installing WebSocket Server...
Output folder: X:\programmer\FSUICP\Utils
Extract: FSUIPCWebSocketServer.exe... 100%
Extract: FSUIPCWebSocketServer.exe.config... 100%
WebSocket Server installed in X:\programmer\FSUICP\Utils
Installation completed. Generating uninstaller...
Created uninstaller: X:\programmer\FSUICP\uninstallFSUIPC7.exe
Updating registry...
