********* FSUIPC7, Version 7.0.1 (11th November 2020) by John Dowson *********
No registry entries found for MSFS - setting paths from APPDATA env variable
Checking for FS path in 'C:\Users\Gaming PC\AppData\Roaming\Microsoft Flight Simulator\UserCfg.opt'
FS path found = C:\Users\Gaming PC\AppData\Roaming\Microsoft Flight Simulator\Packages\
Windows 10 Pro 64 Bit reported as Build 18363, Release ID: 1909 (OS 10.0)
Reading options from "C:\Users\Gaming PC\Desktop\A22\Instrumenter\FSUIPC7\FSUIPC7.ini"
Checking the Registrations now ...
User Name=""
User Addr=""
FSUIPC7 not user registered
WIDEFS7 not user registered, or expired
      141 System time = 16/12/2020 15:30:41
      141 FLT path = "C:\Users\Gaming PC\AppData\Roaming\Microsoft Flight Simulator\"
      156 -------------------------------------------------------------------
      203 Registered HotKey 'InvokeFSUIPCOptionsKey' (key=0x46, modifier=0x1)
      219 FS path = "C:\Users\Gaming PC\AppData\Roaming\Microsoft Flight Simulator\Packages\"
      234 LogOptions=00000000 00000001
     3188 Simulator detected
    25375 SimConnect_Open succeeded
    25375 Running in "KittyHawk", Version: 11.0.282174.999 (SimConnect: 11.0.62651.3)
    25375 MSFS version = 11.0.282174.999
    25375 Generating controls file list: 'C:\Users\Gaming PC\Documents\FSUIPC7\Controls List for MSFS Build 999.txt'
    25375 Initialising SimConnect data requests now
    34266 User Aircraft ID not supplied -- trying default
    96734 === Hot key unregistered
    96734 === Stop called ...
    96750 === Closing external processes we started ...
    97750 === About to kill any Lua plug-ins still running ...
    98906 === About to kill my timers ...
    98906 === Restoring window procs ...
    98906 === Unloading libraries ...
    98906 === stopping other threads ...
    98906 === ... Button scanning ...
    99016 === ... Axis scanning ...
    99109 === Releasing joystick devices ...
    99109 === Freeing macro memory
    99109 === Removing any offset overrides
    99109 === Clearing any displays left
    99109 === Calling SimConnect_Close ...
    99313 === SimConnect_Close done!
    99313 === AI slots deleted!
    99313 === Freeing button memory ...
    99313 === Closing my Windows ...
    99313 === Freeing FS libraries ...
   100313 === Closing devices ...
   100313 === Closing the Log ... Bye Bye! ...
   100313 System time = 16/12/2020 15:32:21
   100313 *** FSUIPC log file being closed
Minimum frame rate was 32768.0 fps, Maximum was 0.0 fps
Average frame rate for running time of 64 secs = 58.9 fps
Maximum AI traffic for session was 0 aircraft
Traffic deletions 0 aircraft
Memory managed: 1 Allocs, 1 Freed
********* FSUIPC Log file closed ***********
