********* FSUIPC7, Version 7.0.1 (11th November 2020) by John Dowson *********
No registry entries found for MSFS - setting paths from APPDATA env variable
Checking for FS path in 'C:\Users\Gaming PC\AppData\Roaming\Microsoft Flight Simulator\UserCfg.opt'
FS path found = C:\Users\Gaming PC\AppData\Roaming\Microsoft Flight Simulator\Packages\
Windows 10 Pro 64 Bit reported as Build 18363, Release ID: 1909 (OS 10.0)
Reading options from "C:\Users\Gaming PC\Desktop\A22\Instrumenter\FSUIPC7\FSUIPC7.ini"
Checking the Registrations now ...
User Name=""
User Addr=""
FSUIPC7 not user registered
WIDEFS7 not user registered, or expired
      156 System time = 16/12/2020 15:27:11
      156 FLT path = "C:\Users\Gaming PC\AppData\Roaming\Microsoft Flight Simulator\"
      156 -------------------------------------------------------------------
      187 Registered HotKey 'InvokeFSUIPCOptionsKey' (key=0x46, modifier=0x1)
      218 FS path = "C:\Users\Gaming PC\AppData\Roaming\Microsoft Flight Simulator\Packages\"
      234 LogOptions=00000000 00000001
   147187 Simulator detected
   201718 === Hot key unregistered
   201718 === Stop called ...
   201781 === Closing external processes we started ...
   202781 === About to kill any Lua plug-ins still running ...
   203921 === About to kill my timers ...
   203921 === Restoring window procs ...
   203921 === Unloading libraries ...
   203921 === stopping other threads ...
   203921 === ... Button scanning ...
   203921 === ... Axis scanning ...
   203921 === Releasing joystick devices ...
   203921 === Freeing macro memory
   203921 === Removing any offset overrides
   203921 === Clearing any displays left
   203921 === AI slots deleted!
   203921 === Freeing button memory ...
   203921 === Closing my Windows ...
   203937 === Freeing FS libraries ...
   204937 === Closing devices ...
   204937 === Closing the Log ... Bye Bye! ...
   204937 System time = 16/12/2020 15:30:36
   204937 *** FSUIPC log file being closed
Minimum frame rate was 32768.0 fps, Maximum was 0.0 fps
Maximum AI traffic for session was 0 aircraft
Traffic deletions 0 aircraft
Memory managed: 1 Allocs, 1 Freed
********* FSUIPC Log file closed ***********
